<?xml version="1.0" encoding="utf-8"?><testsuites name="pytest tests"><testsuite name="pytest" errors="0" failures="0" skipped="19" tests="365" time="1642.995" timestamp="2026-09-23T22:13:13.608697+09:00" hostname="redacted"><testcase classname="tests.help_validation.test_help_advanced_behavior.TestHelpAdvancedBehavior" name="test_hv025_mismatch_normalization_range_and_validation" time="2.796" /><testcase classname="tests.help_validation.test_help_advanced_behavior.TestHelpAdvancedBehavior" name="test_hv027_compare_diff_list_controls" time="4.391" /><testcase classname="tests.help_validation.test_help_advanced_behavior.TestHelpAdvancedBehavior" name="test_hv027_compare_identical_and_size_difference_messages" time="6.895" /><testcase classname="tests.help_validation.test_help_advanced_behavior.TestHelpAdvancedBehavior" name="test_hv027_compare_diff_list_closes_with_view" time="3.279" /><testcase classname="tests.help_validation.test_help_advanced_behavior.TestHelpAdvancedBehavior" name="test_hv028_sync_scroll_dialog_and_propagation" time="7.169" /><testcase classname="tests.help_validation.test_help_advanced_behavior.TestHelpAdvancedBehavior" name="test_hv034_print_range_validation_preview_and_restore" time="4.316" /><testcase classname="tests.help_validation.test_help_core_behavior.TestHelpCoreBehavior" name="test_hv001_distribution_and_x64_gui_start" time="0.777" /><testcase classname="tests.help_validation.test_help_core_behavior.TestHelpCoreBehavior" name="test_hv001_missing_help_shows_error" time="1.166" /><testcase classname="tests.help_validation.test_help_core_behavior.TestHelpCoreBehavior" name="test_hv002_about_dialog_text" time="1.103" /><testcase classname="tests.help_validation.test_help_core_behavior.TestHelpCoreBehavior" name="test_hv003_initial_chrome_and_dirty_title" time="2.320" /><testcase classname="tests.help_validation.test_help_core_behavior.TestHelpCoreBehavior" name="test_hv012_mdi_new_view_and_layout" time="4.852" /><testcase classname="tests.help_validation.test_help_core_behavior.TestHelpCoreBehavior" name="test_hv014_three_generation_backup" time="3.619" /><testcase classname="tests.help_validation.test_help_core_behavior.TestHelpCoreBehavior" name="test_hv016_exclusive_mode_table[0-True-True]" time="0.937" /><testcase classname="tests.help_validation.test_help_core_behavior.TestHelpCoreBehavior" name="test_hv016_exclusive_mode_table[1-True-False]" time="0.969" /><testcase classname="tests.help_validation.test_help_core_behavior.TestHelpCoreBehavior" name="test_hv016_exclusive_mode_table[2-False-False]" time="0.939" /><testcase classname="tests.help_validation.test_help_keymap_struct_behavior.TestHelpKeymapStructBehavior" name="test_hv037_mark2_mark3_assignment_and_toggle" time="8.760" /><testcase classname="tests.help_validation.test_help_keymap_struct_behavior.TestHelpKeymapStructBehavior" name="test_hv042_struct_def_invalid_and_unsupported_syntax[forward-reference]" time="2.050" /><testcase classname="tests.help_validation.test_help_keymap_struct_behavior.TestHelpKeymapStructBehavior" name="test_hv042_struct_def_invalid_and_unsupported_syntax[undefined-type]" time="2.047" /><testcase classname="tests.help_validation.test_help_keymap_struct_behavior.TestHelpKeymapStructBehavior" name="test_hv042_struct_def_invalid_and_unsupported_syntax[zero-array]" time="2.038" /><testcase classname="tests.help_validation.test_help_keymap_struct_behavior.TestHelpKeymapStructBehavior" name="test_hv042_struct_def_invalid_and_unsupported_syntax[oversize-array]" time="2.047" /><testcase classname="tests.help_validation.test_help_keymap_struct_behavior.TestHelpKeymapStructBehavior" name="test_hv042_struct_def_invalid_and_unsupported_syntax[non-ascii-identifier]" time="2.065" /><testcase classname="tests.help_validation.test_help_keymap_struct_behavior.TestHelpKeymapStructBehavior" name="test_hv042_struct_def_invalid_and_unsupported_syntax[pointer]" time="3.007" /><testcase classname="tests.help_validation.test_help_keymap_struct_behavior.TestHelpKeymapStructBehavior" name="test_hv042_struct_def_invalid_and_unsupported_syntax[bit-field]" time="3.012" /><testcase classname="tests.help_validation.test_help_keymap_struct_behavior.TestHelpKeymapStructBehavior" name="test_hv042_struct_def_invalid_and_unsupported_syntax[typedef]" time="3.020" /><testcase classname="tests.help_validation.test_help_keymap_struct_behavior.TestHelpKeymapStructBehavior" name="test_hv042_struct_def_invalid_and_unsupported_syntax[unsigned]" time="2.066" /><testcase classname="tests.help_validation.test_help_keymap_struct_behavior.TestHelpKeymapStructBehavior" name="test_hv042_struct_def_invalid_and_unsupported_syntax[function]" time="3.010" /><testcase classname="tests.help_validation.test_help_keymap_struct_behavior.TestHelpKeymapStructBehavior" name="test_hv042_struct_def_invalid_and_unsupported_syntax[multiple-declaration]" time="3.011" /><testcase classname="tests.help_validation.test_help_keymap_struct_behavior.TestHelpKeymapStructBehavior" name="test_hv042_struct_def_invalid_and_unsupported_syntax[inline-nested]" time="2.051" /><testcase classname="tests.help_validation.test_help_keymap_struct_behavior.TestHelpKeymapStructBehavior" name="test_hv042_struct_def_invalid_and_unsupported_syntax[empty]" time="3.000" /><testcase classname="tests.help_validation.test_help_keymap_struct_behavior.TestHelpKeymapStructBehavior" name="test_hv042_struct_def_invalid_and_unsupported_syntax[valid-then-invalid]" time="2.092" /><testcase classname="tests.help_validation.test_help_keymap_struct_behavior.TestHelpKeymapStructBehavior" name="test_hv048_key_assign_catalog_assignment_cancel_and_reset" time="8.817" /><testcase classname="tests.help_validation.test_help_keymap_struct_behavior.TestHelpKeymapStructBehavior" name="test_hv048_key_file_export_import_and_invalid_length" time="6.635" /><testcase classname="tests.help_validation.test_help_settings_behavior.TestHelpSettingsBehavior" name="test_hv050_toolbar_catalog_edit_cancel_ok_and_rebuild" time="8.054" /><testcase classname="tests.help_validation.test_help_settings_behavior.TestHelpSettingsBehavior" name="test_hv052_extension_list_add_edit_cancel_delete" time="5.392" /><testcase classname="tests.help_validation.test_help_settings_behavior.TestHelpSettingsBehavior" name="test_hv052_hv053_extension_matching_layout_and_open_modes" time="9.244" /><testcase classname="tests.help_validation.test_help_settings_behavior.TestHelpSettingsBehavior" name="test_hv053_open_char_mode_is_applied" time="7.206" /><testcase classname="tests.help_validation.test_help_settings_behavior.TestHelpSettingsBehavior" name="test_hv055_extension_accept_reapplies_and_persists" time="4.163" /><testcase classname="tests.issues.test_issue_01_shortcuts.TestIssue01Shortcuts" name="test_original_shortcuts_navigation_and_delete" time="4.062" /><testcase classname="tests.issues.test_issue_01_shortcuts.TestIssue01Shortcuts" name="test_original_shortcut_undo_and_redo_ctrl_shift_z" time="4.053" /><testcase classname="tests.issues.test_issue_01_shortcuts.TestIssue01Shortcuts" name="test_original_shortcut_pane_and_mode_toggle" time="3.751" /><testcase classname="tests.issues.test_issue_01_shortcuts.TestIssue01Shortcuts" name="test_ported_shortcuts_navigation_and_delete" time="4.363" /><testcase classname="tests.issues.test_issue_01_shortcuts.TestIssue01Shortcuts" name="test_ported_shortcut_undo_and_redo_ctrl_shift_z" time="4.339" /><testcase classname="tests.issues.test_issue_01_shortcuts.TestIssue01Shortcuts" name="test_ported_shortcut_pane_and_mode_toggle" time="4.136" /><testcase classname="tests.issues.test_issue_02_subcaret.TestIssue02SubCaret" name="test_original_subcaret_hex_active_toggle" time="8.580" /><testcase classname="tests.issues.test_issue_02_subcaret.TestIssue02SubCaret" name="test_original_subcaret_hex_active_tracking" time="8.576" /><testcase classname="tests.issues.test_issue_02_subcaret.TestIssue02SubCaret" name="test_ported_subcaret_hex_active_toggle" time="8.578" /><testcase classname="tests.issues.test_issue_02_subcaret.TestIssue02SubCaret" name="test_ported_subcaret_hex_active_tracking" time="8.594" /><testcase classname="tests.issues.test_issue_02_subcaret.TestIssue02SubCaret" name="test_original_subcaret_text_active_toggle" time="9.323" /><testcase classname="tests.issues.test_issue_02_subcaret.TestIssue02SubCaret" name="test_original_subcaret_text_active_tracking" time="9.406" /><testcase classname="tests.issues.test_issue_02_subcaret.TestIssue02SubCaret" name="test_ported_subcaret_text_active_toggle" time="9.319" /><testcase classname="tests.issues.test_issue_02_subcaret.TestIssue02SubCaret" name="test_ported_subcaret_text_active_tracking" time="9.432" /><testcase classname="tests.issues.test_issue_03_statusbar.TestIssue03StatusBar" name="test_original_statusbar_shown" time="1.364" /><testcase classname="tests.issues.test_issue_03_statusbar.TestIssue03StatusBar" name="test_original_statusbar_hidden" time="1.364" /><testcase classname="tests.issues.test_issue_03_statusbar.TestIssue03StatusBar" name="test_ported_statusbar_shown" time="1.421" /><testcase classname="tests.issues.test_issue_03_statusbar.TestIssue03StatusBar" name="test_ported_statusbar_hidden" time="1.418" /><testcase classname="tests.issues.test_issue_03_statusbar.TestIssue03StatusBar" name="test_ported_statusbar_detail_values[little-0x3412-0x78563412-0x5634-0x9A785634]" time="8.297" /><testcase classname="tests.issues.test_issue_03_statusbar.TestIssue03StatusBar" name="test_ported_statusbar_detail_values[big-0x1234-0x12345678-0x3456-0x3456789A]" time="8.352" /><testcase classname="tests.issues.test_issue_03_statusbar.TestIssue03StatusBar" name="test_ported_statusbar_float_panes_follow_byte_order" time="7.650" /><testcase classname="tests.issues.test_issue_03_statusbar.TestIssue03StatusBar" name="test_original_statusbar_detail_values[little-0x3412-0x78563412]" time="3.774" /><testcase classname="tests.issues.test_issue_03_statusbar.TestIssue03StatusBar" name="test_original_statusbar_detail_values[big-0x1234-0x12345678]" time="3.784" /><testcase classname="tests.issues.test_issue_03_statusbar.TestIssue03StatusBar" name="test_original_statusbar_blanks_panes_without_enough_bytes" time="6.811" /><testcase classname="tests.issues.test_issue_04_file_watch.TestIssue04FileWatch" name="test_original_external_file_modification_detection" time="4.636" /><testcase classname="tests.issues.test_issue_04_file_watch.TestIssue04FileWatch" name="test_ported_external_file_modification_detection_and_reload" time="6.179" /><testcase classname="tests.issues.test_issue_04_file_watch.TestIssue04FileWatch" name="test_ported_external_file_modification_ignore_persists" time="4.764" /><testcase classname="tests.issues.test_issue_04_file_watch.TestIssue04FileWatch" name="test_ported_external_change_save_as_keeps_both_versions" time="5.620" /><testcase classname="tests.issues.test_issue_04_file_watch.TestIssue04FileWatch" name="test_ported_external_change_save_as_and_compare" time="6.526" /><testcase classname="tests.issues.test_issue_04_file_watch.TestIssue04FileWatch" name="test_ported_external_change_cancel_asks_again" time="6.703" /><testcase classname="tests.issues.test_issue_04_file_watch.TestIssue04FileWatch" name="test_ported_external_change_ignore_then_change_again" time="9.326" /><testcase classname="tests.issues.test_issue_05_single_instance.TestIssue05SingleInstance" name="test_original_single_instance_behavior" time="1.944" /><testcase classname="tests.issues.test_issue_05_single_instance.TestIssue05SingleInstance" name="test_ported_single_instance_behavior" time="2.000" /><testcase classname="tests.issues.test_issue_06_struct_bar.TestIssue06StructBar" name="test_original_struct_bar_nav_and_mark_jump" time="8.040" /><testcase classname="tests.issues.test_issue_06_struct_bar.TestIssue06StructBar" name="test_ported_struct_bar_nav_and_mark_jump" time="7.784" /><testcase classname="tests.issues.test_issue_06_struct_bar.TestIssue06StructBar" name="test_original_set_struct_address_to_caret" time="4.900" /><testcase classname="tests.issues.test_issue_06_struct_bar.TestIssue06StructBar" name="test_ported_set_struct_address_to_caret" time="4.970" /><testcase classname="tests.issues.test_issue_06_struct_bar.TestIssue06StructBar" name="test_original_struct_bar_radix_switch" time="5.618" /><testcase classname="tests.issues.test_issue_06_struct_bar.TestIssue06StructBar" name="test_ported_struct_bar_radix_switch" time="7.575" /><testcase classname="tests.issues.test_issue_06_struct_bar.TestIssue06StructBar" name="test_original_auto_set_struct_addr_setting" time="7.590" /><testcase classname="tests.issues.test_issue_06_struct_bar.TestIssue06StructBar" name="test_ported_auto_set_struct_addr_setting" time="7.640" /><testcase classname="tests.issues.test_issue_06_struct_bar.TestIssue06StructBar" name="test_original_keep_struct_item_ratio_setting" time="2.561" /><testcase classname="tests.issues.test_issue_06_struct_bar.TestIssue06StructBar" name="test_ported_keep_struct_item_ratio_setting" time="2.623" /><testcase classname="tests.issues.test_issue_07_select_range.TestIssue07SelectRange" name="test_original_select_range_hex_and_delete" time="3.854" /><testcase classname="tests.issues.test_issue_07_select_range.TestIssue07SelectRange" name="test_original_select_range_dec_and_fill" time="4.618" /><testcase classname="tests.issues.test_issue_07_select_range.TestIssue07SelectRange" name="test_ported_select_range_hex_and_delete" time="4.162" /><testcase classname="tests.issues.test_issue_07_select_range.TestIssue07SelectRange" name="test_ported_select_range_dec_and_fill" time="4.963" /><testcase classname="tests.issues.test_issue_08_bit_image.TestIssue08BitImage" name="test_original_bit_image_window_toggle" time="2.775" /><testcase classname="tests.issues.test_issue_08_bit_image.TestIssue08BitImage" name="test_ported_bit_image_follows_edits_in_realtime" time="8.343" /><testcase classname="tests.issues.test_issue_08_bit_image.TestIssue08BitImage" name="test_ported_bit_image_manual_reload" time="9.397" /><testcase classname="tests.issues.test_issue_09_user_menu.TestIssue09UserMenu" name="test_original_context_menu_invoke" time="1.618" /><testcase classname="tests.issues.test_issue_09_user_menu.TestIssue09UserMenu" name="test_ported_context_menu_invoke" time="1.681" /><testcase classname="tests.issues.test_issue_09_user_menu.TestIssue09UserMenu" name="test_original_user_menu_invoke_and_execute" time="2.243" /><testcase classname="tests.issues.test_issue_09_user_menu.TestIssue09UserMenu" name="test_ported_user_menu_invoke_and_execute" time="2.405" /><testcase classname="tests.issues.test_issue_09_user_menu.TestIssue09UserMenu" name="test_original_empty_user_menu_ignored" time="1.721" /><testcase classname="tests.issues.test_issue_09_user_menu.TestIssue09UserMenu" name="test_ported_empty_user_menu_ignored" time="2.004" /><testcase classname="tests.issues.test_issue_09_user_menu.TestIssue09UserMenu" name="test_original_env_settings_dialog" time="1.717" /><testcase classname="tests.issues.test_issue_09_user_menu.TestIssue09UserMenu" name="test_ported_env_settings_dialog" time="1.778" /><testcase classname="tests.issues.test_issue_09_user_menu.TestIssue09UserMenu" name="test_original_run_app_command" time="1.964" /><testcase classname="tests.issues.test_issue_09_user_menu.TestIssue09UserMenu" name="test_ported_run_app_command" time="1.998" /><testcase classname="tests.issues.test_issue_09_user_menu.TestIssue09UserMenu" name="test_ported_esc_menu_invoke_and_execute" time="3.980" /><testcase classname="tests.issues.test_issue_09_user_menu.TestIssue09UserMenu" name="test_ported_twostroke_key_dispatch" time="2.360" /><testcase classname="tests.issues.test_issue_100_mark_auto_restore.TestIssue100MarkAutoRestore" name="test_marks_are_restored_on_reopen" time="5.013" /><testcase classname="tests.issues.test_issue_100_mark_auto_restore.TestIssue100MarkAutoRestore" name="test_disabled_setting_records_nothing" time="3.535" /><testcase classname="tests.issues.test_issue_100_mark_auto_restore.TestIssue100MarkAutoRestore" name="test_disabled_setting_keeps_a_previous_record" time="4.933" /><testcase classname="tests.issues.test_issue_100_mark_auto_restore.TestIssue100MarkAutoRestore" name="test_marks_cleared_by_the_user_are_forgotten" time="6.577" /><testcase classname="tests.issues.test_issue_100_mark_auto_restore.TestIssue100MarkAutoRestore" name="test_size_change_skips_restore" time="4.871" /><testcase classname="tests.issues.test_issue_101_filesize_warning.TestIssue101FileSizeWarning" name="test_file_at_or_above_threshold_asks_before_opening" time="2.746" /><testcase classname="tests.issues.test_issue_101_filesize_warning.TestIssue101FileSizeWarning" name="test_file_below_threshold_opens_without_asking" time="3.395" /><testcase classname="tests.issues.test_issue_101_filesize_warning.TestIssue101FileSizeWarning" name="test_warning_can_be_turned_off" time="3.418" /><testcase classname="tests.issues.test_issue_101_filesize_warning.TestIssue101FileSizeWarning" name="test_setting_round_trips_through_the_dialog" time="4.829" /><testcase classname="tests.issues.test_issue_102_undo_memory.TestIssue102UndoMemory" name="test_limit_drops_the_oldest_undo_record" time="6.308" /><testcase classname="tests.issues.test_issue_102_undo_memory.TestIssue102UndoMemory" name="test_generous_limit_keeps_both_records" time="6.299" /><testcase classname="tests.issues.test_issue_102_undo_memory.TestIssue102UndoMemory" name="test_lowering_the_limit_trims_open_documents_at_once" time="7.002" /><testcase classname="tests.issues.test_issue_102_undo_memory.TestIssue102UndoMemory" name="test_checkbox_disables_the_input" time="1.519" /><testcase classname="tests.issues.test_issue_102_undo_memory.TestIssue102UndoMemory" name="test_setting_round_trips_through_the_dialog" time="1.502" /><testcase classname="tests.issues.test_issue_107_structbar_utf8.TestIssue107StructBarUtf8" name="test_utf8_char_array_keeps_characters_outside_cp932" time="3.784" /><testcase classname="tests.issues.test_issue_107_structbar_utf8.TestIssue107StructBarUtf8" name="test_utf8_char_array_shows_japanese" time="3.802" /><testcase classname="tests.issues.test_issue_107_structbar_utf8.TestIssue107StructBarUtf8" name="test_utf8_broken_sequence_becomes_dots" time="3.760" /><testcase classname="tests.issues.test_issue_107_structbar_utf8.TestIssue107StructBarUtf8" name="test_sjis_display_is_unchanged" time="3.775" /><testcase classname="tests.issues.test_issue_107_structbar_utf8.TestIssue107StructBarUtf8" name="test_scalar_values_are_unchanged" time="3.794" /><testcase classname="tests.issues.test_issue_10_dynamic_mark.TestIssue10DynamicMark" name="test_original_dynamic_mark_shifts_on_insert" time="8.217" /><testcase classname="tests.issues.test_issue_10_dynamic_mark.TestIssue10DynamicMark" name="test_original_static_mark_fixed_on_insert" time="8.219" /><testcase classname="tests.issues.test_issue_10_dynamic_mark.TestIssue10DynamicMark" name="test_ported_dynamic_mark_shifts_on_insert" time="8.543" /><testcase classname="tests.issues.test_issue_10_dynamic_mark.TestIssue10DynamicMark" name="test_ported_static_mark_fixed_on_insert" time="8.503" /><testcase classname="tests.issues.test_issue_111_settings_path.TestIssue111SettingsPath" name="test_default_location_is_shown_with_its_reason" time="2.291" /><testcase classname="tests.issues.test_issue_111_settings_path.TestIssue111SettingsPath" name="test_command_line_override_is_shown" time="2.302" /><testcase classname="tests.issues.test_issue_11_lnk_file.TestIssue11LnkFile" name="test_original_lnk_opened_via_commandline_opens_raw_binary" time="3.037" /><testcase classname="tests.issues.test_issue_11_lnk_file.TestIssue11LnkFile" name="test_original_lnk_opened_via_open_dialog_resolves_target" time="4.705" /><testcase classname="tests.issues.test_issue_11_lnk_file.TestIssue11LnkFile" name="test_ported_lnk_opened_via_commandline_opens_raw_binary" time="3.176" /><testcase classname="tests.issues.test_issue_11_lnk_file.TestIssue11LnkFile" name="test_ported_lnk_opened_via_open_dialog_resolves_target" time="5.022" /><testcase classname="tests.issues.test_issue_120_view_mode.TestIssue120ViewMode" name="test_prompt_offers_view_mode_and_opens_read_only" time="3.688" /><testcase classname="tests.issues.test_issue_120_view_mode.TestIssue120ViewMode" name="test_cancel_does_not_open_the_document" time="2.290" /><testcase classname="tests.issues.test_issue_120_view_mode.TestIssue120ViewMode" name="test_unopenable_file_still_reports_the_error" time="2.882" /><testcase classname="tests.issues.test_issue_120_view_mode.TestIssue120ViewMode" name="test_own_exclusive_lock_is_held_while_open" time="1.412" /><testcase classname="tests.issues.test_issue_120_view_mode.TestIssue120ViewMode" name="test_read_only_file_opens_in_view_mode" time="2.226" /><testcase classname="tests.issues.test_issue_121_bit_image_placement" name="test_ported_restores_visibility" time="4.986" /><testcase classname="tests.issues.test_issue_121_bit_image_placement" name="test_ported_restores_floating_position" time="2.475" /><testcase classname="tests.issues.test_issue_121_bit_image_placement" name="test_ported_restores_docked_placement" time="2.463" /><testcase classname="tests.issues.test_issue_121_bit_image_placement" name="test_ported_offscreen_position_falls_back" time="1.262" /><testcase classname="tests.issues.test_issue_121_bit_image_placement" name="test_ported_env_settings_keeps_bit_image_state" time="3.150" /><testcase classname="tests.issues.test_issue_121_bit_image_placement" name="test_ported_never_writes_position_sentinel" time="1.267" /><testcase classname="tests.issues.test_issue_123_diff_proxy_reposition.TestIssue123DiffProxyReposition" name="test_proxy_stays_inside_mdi_after_frame_shrink" time="3.173" /><testcase classname="tests.issues.test_issue_124_utf8_range_lookahead.TestIssue124Utf8RangeLookahead" name="test_dump_range_does_not_emit_bytes_past_the_end" time="13.226" /><testcase classname="tests.issues.test_issue_125_structbar_charset_name.TestIssue125StructBarCharsetName" name="test_struct_bar_shows_every_charset_name" time="7.361" /><testcase classname="tests.issues.test_issue_125_structbar_charset_name.TestIssue125StructBarCharsetName" name="test_utf8_name_survives_timer_updates" time="5.028" /><testcase classname="tests.issues.test_issue_128_markstore_off_to_on.TestIssue128MarkStoreOffToOn" name="test_turning_the_setting_on_keeps_existing_records" time="6.844" /><testcase classname="tests.issues.test_issue_128_markstore_off_to_on.TestIssue128MarkStoreOffToOn" name="test_staying_off_still_keeps_existing_records" time="4.931" /><testcase classname="tests.issues.test_issue_129_discard_keeps_marks.TestIssue129DiscardKeepsMarks" name="test_discarded_edits_keep_the_previous_record" time="8.283" /><testcase classname="tests.issues.test_issue_129_discard_keeps_marks.TestIssue129DiscardKeepsMarks" name="test_saving_the_edit_records_the_new_state" time="8.071" /><testcase classname="tests.issues.test_issue_129_discard_keeps_marks.TestIssue129DiscardKeepsMarks" name="test_unmodified_close_still_records" time="3.683" /><testcase classname="tests.issues.test_issue_130_settings_multi_instance.TestIssue130SettingsMultiInstance" name="test_second_instance_does_not_revert_the_first" time="4.534" /><testcase classname="tests.issues.test_issue_131_undo_limit_zero.TestIssue131UndoLimitZero" name="test_legacy_zero_migrates_to_limit_off" time="1.565" /><testcase classname="tests.issues.test_issue_131_undo_limit_zero.TestIssue131UndoLimitZero" name="test_limit_off_skips_the_range_check" time="1.776" /><testcase classname="tests.issues.test_issue_131_undo_limit_zero.TestIssue131UndoLimitZero" name="test_limit_on_still_validates_the_range" time="2.839" /><testcase classname="tests.issues.test_issue_148_show_output" name="test_original_does_not_restore_output_pane" time="1.179" /><testcase classname="tests.issues.test_issue_148_show_output" name="test_ported_restores_output_pane" time="4.854" /><testcase classname="tests.issues.test_issue_148_show_output" name="test_ported_env_settings_keeps_output_pane_state" time="3.060" /><testcase classname="tests.issues.test_issue_14_mark_draw.TestIssue14MarkDraw" name="test_original_mark_does_not_paint_the_separating_space" time="17.290" /><testcase classname="tests.issues.test_issue_14_mark_draw.TestIssue14MarkDraw" name="test_ported_mark_does_not_paint_the_separating_space" time="17.268" /><testcase classname="tests.issues.test_issue_161_fill_marks" name="test_original_fill_range_keeps_mark" time="8.168" /><testcase classname="tests.issues.test_issue_161_fill_marks" name="test_ported_fill_range_keeps_mark" time="8.511" /><testcase classname="tests.issues.test_issue_170_save_failure.TestSaveFailurePaths" name="test_backup_failure_declined_keeps_everything" time="3.707" /><testcase classname="tests.issues.test_issue_170_save_failure.TestSaveFailurePaths" name="test_backup_failure_declined_restores_the_lock" time="3.836" /><testcase classname="tests.issues.test_issue_170_save_failure.TestSaveFailurePaths" name="test_backup_failure_accepted_saves_without_backup" time="2.811" /><testcase classname="tests.issues.test_issue_170_save_failure.TestSaveFailurePaths" name="test_save_failure_keeps_document_and_recovers" time="3.097" /><testcase classname="tests.issues.test_issue_170_save_failure.TestSaveFailurePaths" name="test_exclusive_mode_and_backup_survive_a_successful_save" time="2.608" /><testcase classname="tests.issues.test_issue_173_charset_unicode.TestIssue173CharsetUnicode" name="test_dump_matches_char_pane_sample" time="2.917" /><testcase classname="tests.issues.test_issue_173_charset_unicode.TestIssue173CharsetUnicode" name="test_dump_range_from_odd_offset" time="3.969" /><testcase classname="tests.issues.test_issue_173_charset_unicode.TestIssue173CharsetUnicode" name="test_surrogate_pairs_survive_odd_line_size" time="3.060" /><testcase classname="tests.issues.test_issue_173_charset_unicode.TestIssue173CharsetUnicode" name="test_dump_shows_characters_outside_cp932" time="2.933" /><testcase classname="tests.issues.test_issue_173_charset_unicode.TestIssue173CharsetUnicode" name="test_dump_keeps_surrogate_pair_as_one_character" time="2.940" /><testcase classname="tests.issues.test_issue_173_charset_unicode.TestIssue173CharsetUnicode" name="test_dump_marks_unpaired_surrogate_with_dots" time="2.952" /><testcase classname="tests.issues.test_issue_173_charset_unicode.TestIssue173CharsetUnicode" name="test_search_finds_text_outside_cp932" time="4.451" /><testcase classname="tests.issues.test_issue_173_charset_unicode.TestIssue173CharsetUnicode" name="test_char_input_writes_utf16_bytes" time="4.476" /><testcase classname="tests.issues.test_issue_173_charset_unicode.TestIssue173CharsetUnicode" name="test_char_pane_rendering_differs_from_sjis" time="3.128" /><testcase classname="tests.issues.test_issue_173_charset_unicode.TestIssue173CharsetUnicode" name="test_default_charset_setting_is_honored" time="1.475" /><testcase classname="tests.issues.test_issue_226_checksum" name="test_tools_menu_without_document_and_empty_new_document" time="1.473" /><testcase classname="tests.issues.test_issue_226_checksum" name="test_whole_selection_copy_and_stale_result[0]" time="4.024" /><testcase classname="tests.issues.test_issue_226_checksum" name="test_whole_selection_copy_and_stale_result[1]" time="3.987" /><testcase classname="tests.issues.test_issue_226_checksum" name="test_whole_selection_copy_and_stale_result[2]" time="4.076" /><testcase classname="tests.issues.test_issue_226_checksum" name="test_whole_selection_copy_and_stale_result[3]" time="4.059" /><testcase classname="tests.issues.test_issue_226_checksum" name="test_unsaved_edits_and_undo[overwrite]" time="5.879" /><testcase classname="tests.issues.test_issue_226_checksum" name="test_unsaved_edits_and_undo[insert]" time="5.954" /><testcase classname="tests.issues.test_issue_226_checksum" name="test_unsaved_edits_and_undo[delete]" time="5.624" /><testcase classname="tests.issues.test_issue_226_checksum" name="test_read_only_and_cancel_restart" time="2.479" /><testcase classname="tests.issues.test_issue_226_checksum" name="test_algorithm_validation_and_item_mapping" time="1.547" /><testcase classname="tests.issues.test_issue_228_checksum_bindings" name="test_key_assign_checksum_and_restore" time="6.790" /><testcase classname="tests.issues.test_issue_228_checksum_bindings" name="test_user_menu_checksum_and_restore" time="8.527" /><testcase classname="tests.issues.test_issue_228_checksum_bindings" name="test_checksum_is_not_a_toolbar_item" time="3.269" /><testcase classname="tests.issues.test_issue_22_settings_migration.TestIssue22SettingsMigration" name="test_ported_migrates_legacy_32bit_caret_position" time="1.275" /><testcase classname="tests.issues.test_issue_22_settings_migration.TestIssue22SettingsMigration" name="test_ported_keeps_caret_at_top_when_auto_restore_is_off" time="1.260" /><testcase classname="tests.issues.test_issue_22_settings_migration.TestIssue22SettingsMigration" name="test_ported_preserves_64bit_caret_position" time="2.748" /><testcase classname="tests.issues.test_issue_22_settings_migration.TestIssue22SettingsMigration" name="test_win32_and_x64_builds_share_the_caret_store" time="5.458" /><testcase classname="tests.issues.test_issue_233_wildcard_find.TestIssue233WildcardFind" name="test_find_dialog_matches_wildcard_and_repeats" time="6.647" /><testcase classname="tests.issues.test_issue_233_wildcard_find.TestIssue233WildcardFind" name="test_invalid_wildcard_input_is_rejected[4?]" time="3.662" /><testcase classname="tests.issues.test_issue_233_wildcard_find.TestIssue233WildcardFind" name="test_invalid_wildcard_input_is_rejected[?4 41]" time="3.677" /><testcase classname="tests.issues.test_issue_233_wildcard_find.TestIssue233WildcardFind" name="test_invalid_wildcard_input_is_rejected[41 ? 43]" time="3.669" /><testcase classname="tests.issues.test_issue_233_wildcard_find.TestIssue233WildcardFind" name="test_invalid_wildcard_input_is_rejected[41 ??? 43]" time="3.629" /><testcase classname="tests.issues.test_issue_233_wildcard_find.TestIssue233WildcardFind" name="test_invalid_wildcard_input_is_rejected[?? ??]" time="3.631" /><testcase classname="tests.issues.test_issue_233_wildcard_find.TestIssue233WildcardFind" name="test_invalid_wildcard_input_is_rejected[41 4243]" time="3.549" /><testcase classname="tests.issues.test_issue_233_wildcard_find.TestIssue233WildcardFind" name="test_text_search_treats_question_mark_literally" time="3.625" /><testcase classname="tests.issues.test_issue_233_wildcard_find.TestIssue233WildcardFind" name="test_replace_all_with_wildcard_search_data" time="4.623" /><testcase classname="tests.issues.test_issue_233_wildcard_find.TestIssue233WildcardFind" name="test_wildcard_in_replace_data_is_rejected" time="4.727" /><testcase classname="tests.issues.test_issue_236_find_all.TestIssue236FindAll" name="test_find_all_lists_matches_and_jumps" time="5.052" /><testcase classname="tests.issues.test_issue_236_find_all.TestIssue236FindAll" name="test_overlap_and_ranges" time="6.407" /><testcase classname="tests.issues.test_issue_236_find_all.TestIssue236FindAll" name="test_edit_marks_results_outdated_and_research_updates" time="6.495" /><testcase classname="tests.issues.test_issue_236_find_all.TestIssue236FindAll" name="test_truncates_over_limit" time="2.016" /><testcase classname="tests.issues.test_issue_236_find_all.TestIssue236FindAll" name="test_stop_running_search" time="2.883" /><testcase classname="tests.issues.test_issue_236_find_all.TestIssue236FindAll" name="test_not_found_text_search_and_close_with_document" time="2.896" /><testcase classname="tests.issues.test_issue_242_clamp_sync" name="test_loaded_settings_are_normalized[upper-bounds]" time="0.845" /><testcase classname="tests.issues.test_issue_242_clamp_sync" name="test_loaded_settings_are_normalized[lower-bounds-and-rounding]" time="0.817" /><testcase classname="tests.issues.test_issue_242_clamp_sync" name="test_replacing_group_detaches_new_members_from_their_old_group" time="6.298" /><testcase classname="tests.issues.test_issue_259_binary_patch" name="test_required_paths_control_start_and_open_option_visibility" time="1.534" /><testcase classname="tests.issues.test_issue_259_binary_patch" name="test_error_status_does_not_overlap_open_result_option" time="1.356" /><testcase classname="tests.issues.test_issue_259_binary_patch" name="test_create_and_apply_bps_without_document" time="1.800" /><testcase classname="tests.issues.test_issue_259_binary_patch" name="test_ips_is_disabled_when_generation_policy_does_not_match" time="1.174" /><testcase classname="tests.issues.test_issue_259_binary_patch" name="test_ips_generation_size_boundary[16777216-True]" time="1.171" /><testcase classname="tests.issues.test_issue_259_binary_patch" name="test_ips_generation_size_boundary[16777217-False]" time="1.187" /><testcase classname="tests.issues.test_issue_259_binary_patch" name="test_apply_non_ascii_paths_and_existing_output_is_preserved" time="1.736" /><testcase classname="tests.issues.test_issue_259_binary_patch" name="test_apply_overwrite_confirmed_replaces_existing_result" time="1.360" /><testcase classname="tests.issues.test_issue_259_binary_patch" name="test_create_overwrite_confirmed_replaces_existing_patch" time="1.833" /><testcase classname="tests.issues.test_issue_259_binary_patch" name="test_output_hardlink_to_open_document_is_rejected" time="2.988" /><testcase classname="tests.issues.test_issue_259_binary_patch" name="test_unsaved_edit_undo_and_marks_are_not_touched_by_apply" time="2.178" /><testcase classname="tests.issues.test_issue_259_binary_patch" name="test_apply_can_be_cancelled_before_publish" time="1.729" /><testcase classname="tests.issues.test_issue_259_binary_patch" name="test_create_and_apply_ips_from_the_dialog" time="1.807" /><testcase classname="tests.issues.test_issue_259_binary_patch" name="test_apply_failure_reports_the_reason[source_mismatch]" time="1.314" /><testcase classname="tests.issues.test_issue_259_binary_patch" name="test_apply_failure_reports_the_reason[invalid_patch]" time="1.331" /><testcase classname="tests.issues.test_issue_259_binary_patch" name="test_create_rejects_output_that_is_an_input[source]" time="1.283" /><testcase classname="tests.issues.test_issue_259_binary_patch" name="test_create_rejects_output_that_is_an_input[target_hardlink]" time="1.251" /><testcase classname="tests.issues.test_issue_259_binary_patch" name="test_create_rejects_output_that_is_an_input[open_document]" time="1.363" /><testcase classname="tests.issues.test_issue_27_accel_input.TestIssue27AccelInput" name="test_original_add_shows_accel_dialog" time="3.963" /><testcase classname="tests.issues.test_issue_27_accel_input.TestIssue27AccelInput" name="test_ported_add_shows_accel_dialog" time="4.059" /><testcase classname="tests.issues.test_issue_27_accel_input.TestIssue27AccelInput" name="test_ported_typed_accel_is_assigned" time="4.152" /><testcase classname="tests.issues.test_issue_27_accel_input.TestIssue27AccelInput" name="test_ported_accel_limited_to_one_char" time="4.222" /><testcase classname="tests.issues.test_issue_27_accel_input.TestIssue27AccelInput" name="test_ported_cancel_skips_add" time="4.009" /><testcase classname="tests.issues.test_issue_27_accel_input.TestIssue27AccelInput" name="test_ported_dblclk_changes_accel" time="4.010" /><testcase classname="tests.issues.test_issue_27_accel_input.TestIssue27AccelInput" name="test_ported_dblclk_on_separator_ignored" time="4.601" /><testcase classname="tests.issues.test_issue_27_accel_input.TestIssue27AccelInput" name="test_ported_accel_persists_to_registry" time="5.189" /><testcase classname="tests.issues.test_issue_30_undo_memory.TestIssue30UndoMemoryLimit" name="test_ported_cancel_keeps_document_intact" time="4.431" /><testcase classname="tests.issues.test_issue_30_undo_memory.TestIssue30UndoMemoryLimit" name="test_ported_continue_discards_undo_history" time="25.237" /><testcase classname="tests.issues.test_issue_42_char_pane.TestIssue42CharPane" name="test_golden_dump_char_pane_per_charset[ascii]" time="5.715" /><testcase classname="tests.issues.test_issue_42_char_pane.TestIssue42CharPane" name="test_golden_dump_char_pane_per_charset[sjis]" time="5.751" /><testcase classname="tests.issues.test_issue_42_char_pane.TestIssue42CharPane" name="test_golden_dump_char_pane_per_charset[euc]" time="5.701" /><testcase classname="tests.issues.test_issue_42_char_pane.TestIssue42CharPane" name="test_golden_dump_char_pane_per_charset[ebcdic]" time="5.809" /><testcase classname="tests.issues.test_issue_42_char_pane.TestIssue42CharPane" name="test_golden_dump_char_pane_per_charset[ebcidk]" time="5.738" /><testcase classname="tests.issues.test_issue_42_char_pane.TestIssue42CharPane" name="test_golden_dump_truncated_lead_byte" time="4.733" /><testcase classname="tests.issues.test_issue_42_char_pane.TestIssue42CharPane" name="test_golden_dump_range_starting_mid_character[sjis-row-start-trail]" time="7.839" /><testcase classname="tests.issues.test_issue_42_char_pane.TestIssue42CharPane" name="test_golden_dump_range_starting_mid_character[sjis-mid-row-trail]" time="7.935" /><testcase classname="tests.issues.test_issue_42_char_pane.TestIssue42CharPane" name="test_golden_dump_range_starting_mid_character[euc-trail]" time="7.764" /><testcase classname="tests.issues.test_issue_42_char_pane.TestIssue42CharPane" name="test_golden_dump_range_starting_on_invalid_trail[sjis-trail-below-range]" time="7.697" /><testcase classname="tests.issues.test_issue_42_char_pane.TestIssue42CharPane" name="test_golden_dump_range_starting_on_invalid_trail[sjis-trail-above-range]" time="7.720" /><testcase classname="tests.issues.test_issue_42_char_pane.TestIssue42CharPane" name="test_golden_dump_range_starting_on_invalid_trail[sjis-trail-7f-excluded]" time="7.723" /><testcase classname="tests.issues.test_issue_42_char_pane.TestIssue42CharPane" name="test_golden_dump_range_starting_on_invalid_trail[sjis-trail-lowest]" time="7.713" /><testcase classname="tests.issues.test_issue_42_char_pane.TestIssue42CharPane" name="test_golden_dump_range_starting_on_invalid_trail[sjis-trail-valid]" time="7.708" /><testcase classname="tests.issues.test_issue_42_char_pane.TestIssue42CharPane" name="test_golden_dump_range_starting_on_invalid_trail[euc-non-main-plane-trail]" time="7.732" /><testcase classname="tests.issues.test_issue_42_char_pane.TestIssue42CharPane" name="test_golden_dump_range_starting_on_invalid_trail[euc-trail-above-range]" time="7.686" /><testcase classname="tests.issues.test_issue_42_char_pane.TestIssue42CharPane" name="test_golden_dump_range_starting_on_invalid_trail[euc-shift-bad-trail]" time="7.744" /><testcase classname="tests.issues.test_issue_42_char_pane.TestIssue42CharPane" name="test_golden_dump_range_starting_on_invalid_trail[euc-shift-then-shift]" time="7.740" /><testcase classname="tests.issues.test_issue_42_char_pane.TestIssue42CharPane" name="test_golden_dump_range_starting_on_invalid_trail[euc-shift-valid-trail]" time="7.707" /><testcase classname="tests.issues.test_issue_42_char_pane.TestIssue42CharPane" name="test_golden_replace_japanese_text[sjis]" time="10.526" /><testcase classname="tests.issues.test_issue_42_char_pane.TestIssue42CharPane" name="test_golden_replace_japanese_text[euc]" time="10.496" /><testcase classname="tests.issues.test_issue_42_char_pane.TestIssue42CharPane" name="test_golden_replace_japanese_text[unicode]" time="10.552" /><testcase classname="tests.issues.test_issue_43_settings_encoding.TestIssue43SettingsEncoding" name="test_stirhex_does_not_migrate_legacy_port_settings" time="1.241" /><testcase classname="tests.issues.test_issue_43_settings_encoding.TestIssue43SettingsEncoding" name="test_stirhex_preserves_unicode_settings_without_migration_marker" time="2.390" /><testcase classname="tests.issues.test_issue_44_unicode_driver.TestIssue44UnicodeDriver" name="test_rejects_x86_python_for_x64_target" time="0.014" /><testcase classname="tests.issues.test_issue_44_unicode_driver.TestIssue44UnicodeDriver" name="test_original_reads_ansi_common_control_text" time="2.924" /><testcase classname="tests.issues.test_issue_44_unicode_driver.TestIssue44UnicodeDriver" name="test_ported_reads_wide_control_text" time="4.107" /><testcase classname="tests.issues.test_issue_44_unicode_driver.TestIssue44UnicodeDriver" name="test_wm_char_accepts_half_and_full_width" time="6.154" /><testcase classname="tests.issues.test_issue_44_unicode_driver.TestIssue44UnicodeDriver" name="test_ported_wm_ime_char_accepts_unicode" time="3.233" /><testcase classname="tests.issues.test_issue_44_unicode_driver.TestIssue44UnicodeDriver" name="test_ported_wm_settext_accepts_japanese_search" time="4.407" /><testcase classname="tests.issues.test_issue_44_unicode_driver.TestIssue44UnicodeDriver" name="test_ported_open_dialog_accepts_japanese_path" time="2.387" /><testcase classname="tests.issues.test_issue_47_clipboard.TestIssue47Clipboard" name="test_ported_hex_pane_copy_is_unicode_text" time="2.294" /><testcase classname="tests.issues.test_issue_47_clipboard.TestIssue47Clipboard" name="test_ported_char_pane_copy_keeps_raw_bytes" time="2.579" /><testcase classname="tests.issues.test_issue_47_clipboard.TestIssue47Clipboard" name="test_ported_char_pane_copy_pastes_japanese_without_mojibake" time="2.585" /><testcase classname="tests.issues.test_issue_49_bgrep_golden.TestIssue49BgrepGolden" name="test_bgrep_hits_match_original" time="6.741" /><testcase classname="tests.issues.test_issue_49_bgrep_golden.TestIssue49BgrepOptions" name="test_recurse_option_controls_subfolder_search" time="5.432" /><testcase classname="tests.issues.test_issue_49_bgrep_golden.TestIssue49BgrepOptions" name="test_file_mask_selects_the_files_to_scan" time="5.231" /><testcase classname="tests.issues.test_issue_49_bgrep_golden.TestIssue49BgrepOptions" name="test_text_search_finds_japanese_string" time="3.447" /><testcase classname="tests.issues.test_issue_49_bgrep_golden.TestIssue49BgrepOptions" name="test_result_line_opens_the_file_at_the_hit" time="5.056" /><testcase classname="tests.issues.test_issue_49_japanese_path.TestIssue49JapanesePath" name="test_japanese_filename_commandline_open_and_save_as" time="3.480" /><testcase classname="tests.issues.test_issue_49_japanese_path.TestIssue49JapanesePath" name="test_japanese_filename_open_via_dialog_and_overwrite_save" time="4.722" /><testcase classname="tests.issues.test_issue_49_japanese_path.TestIssue49JapanesePath" name="test_long_japanese_path_open_and_save_as" time="3.472" /><testcase classname="tests.issues.test_issue_49_resource_leak.TestIssue49ResourceLeak" name="test_no_resource_growth_over_repeated_cycles" time="103.549" /><testcase classname="tests.issues.test_issue_72_find_repeat.TestIssue72FindRepeat" name="test_repeat_without_condition_opens_find_dialog[32823]" time="1.994" /><testcase classname="tests.issues.test_issue_72_find_repeat.TestIssue72FindRepeat" name="test_repeat_without_condition_opens_find_dialog[32822]" time="1.963" /><testcase classname="tests.issues.test_issue_72_find_repeat.TestIssue72FindRepeat" name="test_default_key_opens_find_dialog[114-False]" time="1.994" /><testcase classname="tests.issues.test_issue_72_find_repeat.TestIssue72FindRepeat" name="test_default_key_opens_find_dialog[114-True]" time="2.025" /><testcase classname="tests.issues.test_issue_72_find_repeat.TestIssue72FindRepeat" name="test_repeat_command_is_enabled_in_menu" time="1.625" /><testcase classname="tests.issues.test_issue_97_paste_hex.TestIssue97PasteHexText" name="test_paste_inserts_at_caret" time="3.849" /><testcase classname="tests.issues.test_issue_97_paste_hex.TestIssue97PasteHexText" name="test_paste_replaces_selection" time="4.296" /><testcase classname="tests.issues.test_issue_97_paste_hex.TestIssue97PasteHexText" name="test_paste_accepts_lenient_forms" time="3.887" /><testcase classname="tests.issues.test_issue_97_paste_hex.TestIssue97PasteHexText" name="test_invalid_text_keeps_document" time="3.976" /><testcase classname="tests.issues.test_issue_98_charset_utf8.TestIssue98CharsetUtf8" name="test_charset_switches_and_statusbar_shows_utf8" time="2.880" /><testcase classname="tests.issues.test_issue_98_charset_utf8.TestIssue98CharsetUtf8" name="test_char_pane_rendering_differs_from_sjis" time="3.106" /><testcase classname="tests.issues.test_issue_98_charset_utf8.TestIssue98CharsetUtf8" name="test_search_finds_text_outside_cp932" time="4.416" /><testcase classname="tests.issues.test_issue_98_charset_utf8.TestIssue98CharsetUtf8" name="test_char_input_writes_utf8_bytes" time="4.469" /><testcase classname="tests.issues.test_issue_98_charset_utf8.TestIssue98CharsetUtf8" name="test_dump_save_writes_utf8" time="2.949" /><testcase classname="tests.issues.test_issue_98_charset_utf8.TestIssue98CharsetUtf8" name="test_default_charset_setting_is_honored" time="1.471" /><testcase classname="tests.issues.test_issue_99_mark_import_export.TestIssue99MarkImportExport" name="test_export_writes_addresses_and_mark_numbers" time="4.770" /><testcase classname="tests.issues.test_issue_99_mark_import_export.TestIssue99MarkImportExport" name="test_round_trip_through_the_app" time="7.243" /><testcase classname="tests.issues.test_issue_99_mark_import_export.TestIssue99MarkImportExport" name="test_import_replaces_or_merges" time="11.787" /><testcase classname="tests.issues.test_issue_99_mark_import_export.TestIssue99MarkImportExport" name="test_out_of_range_marks_are_skipped" time="2.405" /><testcase classname="tests.issues.test_issue_99_mark_import_export.TestIssue99MarkImportExport" name="test_size_mismatch_asks_first" time="5.612" /><testcase classname="tests.issues.test_issue_99_mark_import_export.TestIssue99MarkImportExport" name="test_broken_file_is_rejected_without_touching_marks" time="5.609" /><testcase classname="tests.stability.test_crt_leak_report" name="test_debug_session_reports_no_leaks" time="0.027"><skipped type="pytest.skip" message="stability tests run only with --stability">[checkout]\porting\tests\e2e\tests\stability\test_crt_leak_report.py:48: stability tests run only with --stability</skipped></testcase><testcase classname="tests.stability.test_resource_leak.TestWindowAndBarLeaks" name="test_document_window_open_close" time="0.014"><skipped type="pytest.skip" message="stability tests run only with --stability">[checkout]\porting\tests\e2e\tests\stability\test_resource_leak.py:99: stability tests run only with --stability</skipped></testcase><testcase classname="tests.stability.test_resource_leak.TestWindowAndBarLeaks" name="test_struct_bar_toggle" time="0.013"><skipped type="pytest.skip" message="stability tests run only with --stability">[checkout]\porting\tests\e2e\tests\stability\test_resource_leak.py:115: stability tests run only with --stability</skipped></testcase><testcase classname="tests.stability.test_resource_leak.TestWindowAndBarLeaks" name="test_bit_image_toggle" time="0.013"><skipped type="pytest.skip" message="stability tests run only with --stability">[checkout]\porting\tests\e2e\tests\stability\test_resource_leak.py:136: stability tests run only with --stability</skipped></testcase><testcase classname="tests.stability.test_resource_leak.TestWindowAndBarLeaks" name="test_output_pane_toggle" time="0.013"><skipped type="pytest.skip" message="stability tests run only with --stability">[checkout]\porting\tests\e2e\tests\stability\test_resource_leak.py:156: stability tests run only with --stability</skipped></testcase><testcase classname="tests.stability.test_resource_leak.TestWindowAndBarLeaks" name="test_print_preview_open_close" time="0.013"><skipped type="pytest.skip" message="stability tests run only with --stability">[checkout]\porting\tests\e2e\tests\stability\test_resource_leak.py:176: stability tests run only with --stability</skipped></testcase><testcase classname="tests.stability.test_resource_leak.TestDialogLeaks" name="test_env_settings_dialog" time="0.013"><skipped type="pytest.skip" message="stability tests run only with --stability">[checkout]\porting\tests\e2e\tests\stability\test_resource_leak.py:205: stability tests run only with --stability</skipped></testcase><testcase classname="tests.stability.test_resource_leak.TestDialogLeaks" name="test_jump_dialog" time="0.013"><skipped type="pytest.skip" message="stability tests run only with --stability">[checkout]\porting\tests\e2e\tests\stability\test_resource_leak.py:223: stability tests run only with --stability</skipped></testcase><testcase classname="tests.stability.test_resource_leak.TestViewOperationLeaks" name="test_navigation_and_repaint" time="0.013"><skipped type="pytest.skip" message="stability tests run only with --stability">[checkout]\porting\tests\e2e\tests\stability\test_resource_leak.py:243: stability tests run only with --stability</skipped></testcase><testcase classname="tests.stability.test_resource_leak.TestViewOperationLeaks" name="test_charset_switch" time="0.015"><skipped type="pytest.skip" message="stability tests run only with --stability">[checkout]\porting\tests\e2e\tests\stability\test_resource_leak.py:259: stability tests run only with --stability</skipped></testcase><testcase classname="tests.stability.test_resource_leak.TestViewOperationLeaks" name="test_edit_and_undo" time="0.013"><skipped type="pytest.skip" message="stability tests run only with --stability">[checkout]\porting\tests\e2e\tests\stability\test_resource_leak.py:284: stability tests run only with --stability</skipped></testcase><testcase classname="tests.stability.test_resource_leak" name="test_idle_process_is_quiet" time="0.013"><skipped type="pytest.skip" message="stability tests run only with --stability">[checkout]\porting\tests\e2e\tests\stability\test_resource_leak.py:318: stability tests run only with --stability</skipped></testcase><testcase classname="tests.stability.test_resource_leak" name="test_process_survives_the_loop" time="0.013"><skipped type="pytest.skip" message="stability tests run only with --stability">[checkout]\porting\tests\e2e\tests\stability\test_resource_leak.py:345: stability tests run only with --stability</skipped></testcase><testcase classname="tests.test_golden_charset_endian.TestGoldenCharsetEndian" name="test_golden_charset_ascii_text_input" time="6.507" /><testcase classname="tests.test_golden_charset_endian.TestGoldenCharsetEndian" name="test_golden_charset_euc_text_input" time="6.555" /><testcase classname="tests.test_golden_clipboard.TestGoldenClipboard" name="test_golden_copy_paste_all" time="7.116" /><testcase classname="tests.test_golden_clipboard.TestGoldenClipboard" name="test_golden_cut_paste_all" time="6.976" /><testcase classname="tests.test_golden_clipboard.TestGoldenClipboard" name="test_golden_undo_single_and_multiple" time="10.672" /><testcase classname="tests.test_golden_cmdline.TestGoldenCmdline" name="test_original_cmdline_space_path" time="0.878" /><testcase classname="tests.test_golden_cmdline.TestGoldenCmdline" name="test_ported_cmdline_space_path" time="0.912" /><testcase classname="tests.test_golden_cmdline.TestGoldenCmdline" name="test_original_cmdline_multi_files" time="0.898" /><testcase classname="tests.test_golden_cmdline.TestGoldenCmdline" name="test_ported_cmdline_multi_files" time="0.974" /><testcase classname="tests.test_golden_cmdline.TestGoldenCmdline" name="test_original_cmdline_non_existent_file" time="1.419" /><testcase classname="tests.test_golden_cmdline.TestGoldenCmdline" name="test_ported_cmdline_non_existent_file" time="2.633" /><testcase classname="tests.test_golden_edit_hex.TestGoldenEditHex" name="test_golden_overwrite_hex" time="5.573" /><testcase classname="tests.test_golden_edit_hex.TestGoldenEditHex" name="test_golden_undo_hex" time="7.978" /><testcase classname="tests.test_golden_edit_insert.TestGoldenEditInsert" name="test_golden_insert_mode_hex" time="5.701" /><testcase classname="tests.test_golden_edit_insert.TestGoldenEditInsert" name="test_golden_delete_key" time="5.675" /><testcase classname="tests.test_golden_edit_insert.TestGoldenEditInsert" name="test_golden_backspace_key" time="5.545" /><testcase classname="tests.test_golden_edit_insert.TestGoldenEditInsert" name="test_golden_text_pane_ascii" time="5.832" /><testcase classname="tests.test_golden_jump_navigation.TestGoldenJumpNavigation" name="test_golden_jump_absolute_hex" time="7.539" /><testcase classname="tests.test_golden_jump_navigation.TestGoldenJumpNavigation" name="test_golden_jump_absolute_dec" time="7.479" /><testcase classname="tests.test_golden_jump_navigation.TestGoldenJumpNavigation" name="test_golden_jump_relative_backward" time="10.360" /><testcase classname="tests.test_golden_jump_navigation.TestGoldenJumpNavigation" name="test_golden_goto_data_top_and_end" time="7.561" /><testcase classname="tests.test_golden_passthrough.TestGoldenPassthrough" name="test_original_smoke" time="0.807" /><testcase classname="tests.test_golden_passthrough.TestGoldenPassthrough" name="test_ported_smoke" time="0.800" /><testcase classname="tests.test_golden_passthrough.TestGoldenPassthrough" name="test_golden_load_and_save_as" time="4.892" /><testcase classname="tests.test_golden_replace.TestGoldenReplace" name="test_golden_replace_hex_same_length" time="12.699" /><testcase classname="tests.test_golden_replace.TestGoldenReplace" name="test_golden_replace_hex_expand" time="7.901" /><testcase classname="tests.test_golden_replace.TestGoldenReplace" name="test_golden_replace_hex_shrink" time="7.870" /><testcase classname="tests.test_golden_revert.TestGoldenRevert" name="test_golden_revert_after_edit" time="9.784" /><testcase classname="tests.test_golden_save_dump.TestGoldenSaveDump" name="test_golden_save_dump_whole" time="3.588" /><testcase classname="tests.test_golden_selection_fill.TestGoldenSelectionFill" name="test_golden_select_all_and_fill" time="6.871" /><testcase classname="tests.test_golden_selection_fill.TestGoldenSelectionFill" name="test_golden_select_all_and_delete" time="6.033" /><testcase classname="tests.test_golden_selection_fill.TestGoldenSelectionFill" name="test_golden_save_selection" time="4.674" /><testcase classname="tests.test_large_file.TestLargeFile" name="test_open_and_jump_beyond_2gb" time="0.001"><skipped type="pytest.skip" message="set STIRLING_E2E_LARGE=1 to run the 2GB+ scenarios">[checkout]\porting\tests\e2e\tests\test_large_file.py:297: set STIRLING_E2E_LARGE=1 to run the 2GB+ scenarios</skipped></testcase><testcase classname="tests.test_large_file.TestLargeFile" name="test_edit_beyond_2gb_and_save" time="0.001"><skipped type="pytest.skip" message="set STIRLING_E2E_LARGE=1 to run the 2GB+ scenarios">[checkout]\porting\tests\e2e\tests\test_large_file.py:313: set STIRLING_E2E_LARGE=1 to run the 2GB+ scenarios</skipped></testcase><testcase classname="tests.test_large_file.TestLargeFile" name="test_search_and_reload_beyond_2gb" time="0.001"><skipped type="pytest.skip" message="set STIRLING_E2E_LARGE=1 to run the 2GB+ scenarios">[checkout]\porting\tests\e2e\tests\test_large_file.py:342: set STIRLING_E2E_LARGE=1 to run the 2GB+ scenarios</skipped></testcase><testcase classname="tests.test_large_file.TestLargeFile4Gib" name="test_size_and_jump_across_4gib" time="0.001"><skipped type="pytest.skip" message="set STIRLING_E2E_LARGE_4G=1 to run the 4GiB scenarios">[checkout]\porting\tests\e2e\tests\test_large_file.py:418: set STIRLING_E2E_LARGE_4G=1 to run the 4GiB scenarios</skipped></testcase><testcase classname="tests.test_large_file.TestLargeFile4Gib" name="test_bgrep_reports_hit_beyond_4gib" time="0.001"><skipped type="pytest.skip" message="set STIRLING_E2E_LARGE_4G=1 to run the 4GiB scenarios">[checkout]\porting\tests\e2e\tests\test_large_file.py:437: set STIRLING_E2E_LARGE_4G=1 to run the 4GiB scenarios</skipped></testcase><testcase classname="tests.test_large_file.TestLargeFile4Gib" name="test_range_save_across_4gib" time="0.001"><skipped type="pytest.skip" message="set STIRLING_E2E_LARGE_4G=1 to run the 4GiB scenarios">[checkout]\porting\tests\e2e\tests\test_large_file.py:460: set STIRLING_E2E_LARGE_4G=1 to run the 4GiB scenarios</skipped></testcase><testcase classname="tests.test_leak_detector.TestLeakVerdict" name="test_flat_counters_pass" time="0.033" /><testcase classname="tests.test_leak_detector.TestLeakVerdict" name="test_handle_leak_per_iteration_is_reported" time="0.016" /><testcase classname="tests.test_leak_detector.TestLeakVerdict" name="test_slow_gdi_leak_is_reported" time="0.013" /><testcase classname="tests.test_leak_detector.TestLeakVerdict" name="test_one_off_step_is_not_a_leak" time="0.016" /><testcase classname="tests.test_leak_detector.TestLeakVerdict" name="test_memory_growth_beyond_the_limit_is_reported" time="0.014" /><testcase classname="tests.test_leak_detector.TestLeakVerdict" name="test_memory_growth_within_the_limit_passes" time="0.014" /><testcase classname="tests.test_leak_detector.TestLeakVerdict" name="test_allowed_growth_raises_the_bar_for_one_counter" time="0.013" /><testcase classname="tests.test_leak_detector.TestSlope" name="test_slope_of_a_straight_line" time="0.013" /><testcase classname="tests.test_leak_detector.TestSlope" name="test_slope_of_flat_values_is_zero" time="0.014" /><testcase classname="tests.test_leak_detector.TestSlope" name="test_slope_needs_two_points" time="0.014" /><testcase classname="tests.test_save_as_overwrite.TestSaveAsOverwrite" name="test_declined_overwrite_keeps_destination_and_document" time="5.426" /><testcase classname="tests.test_save_as_overwrite.TestSaveAsOverwrite" name="test_accepted_overwrite_replaces_destination" time="3.701" /></testsuite></testsuites>