<?xml version="1.0" encoding="UTF-8"?>
<testsuites><testsuite name="StirHex core" tests="74" failures="0" errors="0" skipped="3" time="11.889422"><properties><property name="arch" value="x86"/><property name="checks" value="5169"/></properties>
<testcase classname="StirHex.core" name="TestBlockListBasics" time="0.000063"><system-out>TestBlockListBasics
</system-out></testcase>
<testcase classname="StirHex.core" name="TestMultiByteInsert" time="0.000351"><system-out>TestMultiByteInsert
</system-out></testcase>
<testcase classname="StirHex.core" name="TestRead" time="0.000269"><system-out>TestRead
</system-out></testcase>
<testcase classname="StirHex.core" name="TestSeek" time="0.000199"><system-out>TestSeek
</system-out></testcase>
<testcase classname="StirHex.core" name="TestInsertByteSplit" time="0.000813"><system-out>TestInsertByteSplit
</system-out></testcase>
<testcase classname="StirHex.core" name="TestInsertByteFullBlockLastPos" time="0.000118"><system-out>TestInsertByteFullBlockLastPos
</system-out></testcase>
<testcase classname="StirHex.core" name="TestInsertOverflowAtLastByte" time="0.001534"><system-out>TestInsertOverflowAtLastByte
</system-out></testcase>
<testcase classname="StirHex.core" name="TestDelete" time="0.000041"><system-out>TestDelete
</system-out></testcase>
<testcase classname="StirHex.core" name="TestDeleteLastByteSingleBlock" time="0.000007"><system-out>TestDeleteLastByteSingleBlock
</system-out></testcase>
<testcase classname="StirHex.core" name="TestFuzz" time="2.507197"><system-out>TestFuzz
  fuzz grew to 47812 bytes, 4 blocks
</system-out></testcase>
<testcase classname="StirHex.core" name="TestFileRoundTrip" time="0.145595"><system-out>TestFileRoundTrip
</system-out></testcase>
<testcase classname="StirHex.core" name="TestLoadEditSave" time="0.015649"><system-out>TestLoadEditSave
</system-out></testcase>
<testcase classname="StirHex.core" name="TestSearchBasic" time="0.000015"><system-out>TestSearchBasic
</system-out></testcase>
<testcase classname="StirHex.core" name="TestSearchEofBounds" time="0.000014"><system-out>TestSearchEofBounds
</system-out></testcase>
<testcase classname="StirHex.core" name="TestSearchMismatch" time="0.000014"><system-out>TestSearchMismatch
</system-out></testcase>
<testcase classname="StirHex.core" name="TestSearchAcrossBlocks" time="0.000305"><system-out>TestSearchAcrossBlocks
</system-out></testcase>
<testcase classname="StirHex.core" name="TestSearchFuzz" time="0.170113"><system-out>TestSearchFuzz
  search fuzz: fwd 2400 cases / 0 mismatches, bwd 2400 cases / 1823 found / 0 mismatches
</system-out></testcase>
<testcase classname="StirHex.core" name="TestSearchBackwardMissedMatch" time="0.000015"><system-out>TestSearchBackwardMissedMatch
</system-out></testcase>
<testcase classname="StirHex.core" name="TestHexPatternParse" time="0.000068"><system-out>[TestHexPatternParse]
</system-out></testcase>
<testcase classname="StirHex.core" name="TestSearchWildcard" time="0.001094"><system-out>TestSearchWildcard
</system-out></testcase>
<testcase classname="StirHex.core" name="TestSearchWildcardFuzz" time="0.679464"><system-out>TestSearchWildcardFuzz
  wildcard search fuzz: 4800 cases / 1866 found / 0 mismatches
</system-out></testcase>
<testcase classname="StirHex.core" name="TestFindAllBasic" time="0.000077"><system-out>TestFindAllBasic
</system-out></testcase>
<testcase classname="StirHex.core" name="TestFindAllFuzz" time="2.176009"><system-out>TestFindAllFuzz
  find all fuzz: 480 cases / 253346 hits / 0 mismatches
</system-out></testcase>
<testcase classname="StirHex.core" name="TestSetByteAt" time="0.000371"><system-out>TestSetByteAt
</system-out></testcase>
<testcase classname="StirHex.core" name="TestLargeOffsetSeek" time="0.083632"><system-out>TestLargeOffsetSeek
</system-out></testcase>
<testcase classname="StirHex.core" name="TestLargeOffsetDataOps" time="0.116227"><system-out>TestLargeOffsetDataOps
</system-out></testcase>
<testcase classname="StirHex.core" name="TestLargeOffsetBulkOps" time="0.097140"><system-out>TestLargeOffsetBulkOps
  boundary 2GB
  boundary 4GB
</system-out></testcase>
<testcase classname="StirHex.core" name="TestLargeRealData" time="0.000110"><skipped message="set STIRLING_CORE_TEST_LARGE=1 to run"/><system-out>TestLargeRealData
  skipped (set STIRLING_CORE_TEST_LARGE=1 to run)
</system-out></testcase>
<testcase classname="StirHex.core" name="TestFileIoStatus" time="0.031153"><system-out>TestFileIoStatus
</system-out></testcase>
<testcase classname="StirHex.core" name="TestLargeFileRoundTrip" time="0.000018"><skipped message="set STIRLING_CORE_TEST_LARGE=1 to run"/><system-out>TestLargeFileRoundTrip
  skipped (set STIRLING_CORE_TEST_LARGE=1 to run)
</system-out></testcase>
<testcase classname="StirHex.core" name="TestSettingsCodec" time="0.000029"><system-out>TestSettingsCodec
</system-out></testcase>
<testcase classname="StirHex.core" name="TestSettingsCodecWide" time="0.000021"><system-out>TestSettingsCodecWide
</system-out></testcase>
<testcase classname="StirHex.core" name="TestSettingsMigration" time="0.000304"><system-out>TestSettingsMigration
</system-out></testcase>
<testcase classname="StirHex.core" name="TestSettingsStoreUtf8" time="0.000024"><system-out>TestSettingsStoreUtf8
</system-out></testcase>
<testcase classname="StirHex.core" name="TestSettingsStoreValueEscape" time="0.000017"><system-out>TestSettingsStoreValueEscape
</system-out></testcase>
<testcase classname="StirHex.core" name="TestMarkFileRoundTrip" time="0.000095"><system-out>[TestMarkFileRoundTrip]
</system-out></testcase>
<testcase classname="StirHex.core" name="TestMarkFileEmptyAndComments" time="0.000032"><system-out>[TestMarkFileEmptyAndComments]
</system-out></testcase>
<testcase classname="StirHex.core" name="TestMarkFileRejects" time="0.000038"><system-out>[TestMarkFileRejects]
</system-out></testcase>
<testcase classname="StirHex.core" name="TestMarkFileHugeDecimals" time="0.000078"><system-out>[TestMarkFileHugeDecimals]
</system-out></testcase>
<testcase classname="StirHex.core" name="TestMarkListRoundTrip" time="0.000021"><system-out>[TestMarkListRoundTrip]
</system-out></testcase>
<testcase classname="StirHex.core" name="TestMarkListLimitAndRejects" time="0.000531"><system-out>[TestMarkListLimitAndRejects]
</system-out></testcase>
<testcase classname="StirHex.core" name="TestSettingsStoreIni" time="0.000099"><system-out>TestSettingsStoreIni
</system-out></testcase>
<testcase classname="StirHex.core" name="TestSettingsStoreChangeLog" time="0.000045"><system-out>TestSettingsStoreChangeLog
</system-out></testcase>
<testcase classname="StirHex.core" name="TestSettingsFileMergedSave" time="0.081731"><system-out>TestSettingsFileMergedSave
</system-out></testcase>
<testcase classname="StirHex.core" name="TestSettingsFileConcurrentSave" time="0.311208"><system-out>TestSettingsFileConcurrentSave
</system-out></testcase>
<testcase classname="StirHex.core" name="TestSettingsFileErrors" time="0.182442"><system-out>TestSettingsFileErrors
</system-out></testcase>
<testcase classname="StirHex.core" name="TestFolderToReveal" time="0.000030"><system-out>[TestFolderToReveal]
</system-out></testcase>
<testcase classname="StirHex.core" name="TestSettingsStoreBinary" time="0.000089"><system-out>TestSettingsStoreBinary
</system-out></testcase>
<testcase classname="StirHex.core" name="TestCp932Text" time="0.000029"><system-out>TestCp932Text
</system-out></testcase>
<testcase classname="StirHex.core" name="TestCp932LeadByte" time="0.000020"><system-out>TestCp932LeadByte
</system-out></testcase>
<testcase classname="StirHex.core" name="TestFormatStructCharArrayCp932" time="0.000022"><system-out>[TestFormatStructCharArrayCp932]
</system-out></testcase>
<testcase classname="StirHex.core" name="TestFormatStructCharArrayW" time="0.000054"><system-out>[TestFormatStructCharArrayW]
</system-out></testcase>
<testcase classname="StirHex.core" name="TestStructDefParse" time="0.000083"><system-out>[TestStructDefParse]
</system-out></testcase>
<testcase classname="StirHex.core" name="TestStructScalarFormat" time="0.000134"><system-out>[TestStructScalarFormat]
</system-out></testcase>
<testcase classname="StirHex.core" name="TestStructScalarEncode" time="0.000072"><system-out>[TestStructScalarEncode]
</system-out></testcase>
<testcase classname="StirHex.core" name="TestStructTree" time="0.000141"><system-out>[TestStructTree]
</system-out></testcase>
<testcase classname="StirHex.core" name="TestHexTextParse" time="0.000293"><system-out>[TestHexTextParse]
</system-out></testcase>
<testcase classname="StirHex.core" name="TestChecksum" time="0.000953"></testcase>
<testcase classname="StirHex.core" name="TestUtf8Text" time="0.000029"><system-out>[TestUtf8Text]
</system-out></testcase>
<testcase classname="StirHex.core" name="TestUtf16Text" time="0.000018"><system-out>[TestUtf16Text]
</system-out></testcase>
<testcase classname="StirHex.core" name="TestClipboardUtil" time="0.000015"><system-out>[TestClipboardUtil]
</system-out></testcase>
<testcase classname="StirHex.core" name="TestClipboardTransferOs" time="0.000019"><skipped message="set STIRLING_CORE_TEST_OS=1 to run (it replaces the clipboard)"/><system-out>[TestClipboardTransferOs]
  skipped (set STIRLING_CORE_TEST_OS=1 to run (it replaces the clipboard))
</system-out></testcase>
<testcase classname="StirHex.core" name="TestUndoBudget" time="0.000008"><system-out>[TestUndoBudget]
</system-out></testcase>
<testcase classname="StirHex.core" name="TestDeleteRange" time="4.296485"><system-out>[TestDeleteRange]
</system-out></testcase>
<testcase classname="StirHex.core" name="TestWriteAndFillRange" time="0.000487"><system-out>TestWriteAndFillRange
</system-out></testcase>
<testcase classname="StirHex.core" name="TestSearchForwardRange" time="0.000260"><system-out>TestSearchForwardRange
</system-out></testcase>
<testcase classname="StirHex.core" name="TestEditFuzzMixed" time="0.508550"><system-out>TestEditFuzzMixed
  mixed fuzz: 696719 bytes, 115 blocks, ops ib=1013 in=1014 db=963 dr=1001 wr=992 fi=1017
</system-out></testcase>
<testcase classname="StirHex.core" name="TestCursorAbsCacheAfterEdit" time="0.001138"><system-out>TestCursorAbsCacheAfterEdit
</system-out></testcase>
<testcase classname="StirHex.core" name="TestStreamFileWriter" time="0.101095"><system-out>TestStreamFileWriter
</system-out></testcase>
<testcase classname="StirHex.core" name="TestStreamFileWriterFaults" time="0.095608"><system-out>TestStreamFileWriterFaults
</system-out></testcase>
<testcase classname="StirHex.core" name="TestBlockFileIoReadFaults" time="0.058293"><system-out>TestBlockFileIoReadFaults
</system-out></testcase>
<testcase classname="StirHex.core" name="TestAtomicSave" time="0.209771"><system-out>TestAtomicSave
</system-out></testcase>
<testcase classname="StirHex.core" name="TestBgrepNotify" time="0.000005"><system-out>TestBgrepNotify
</system-out></testcase>
<testcase classname="StirHex.core" name="TestAllocFailureRollback" time="0.011330"><system-out>TestAllocFailureRollback
</system-out></testcase>
</testsuite></testsuites>
